<?xml version="1.0" encoding="UTF-8"?>
<testng-results ignored="0" total="1" passed="1" failed="0" skipped="0">
  <reporter-output>
  </reporter-output>
  <suite started-at="2023-02-19T16:50:03 IST" name="Default suite" finished-at="2023-02-19T16:50:11 IST" duration-ms="8072">
    <groups>
    </groups>
    <test started-at="2023-02-19T16:50:03 IST" name="Default test" finished-at="2023-02-19T16:50:11 IST" duration-ms="8072">
      <class name="com.ab.testLayer.test">
        <test-method is-config="true" signature="start()[pri:0, instance:com.ab.testLayer.test@6302bbb1]" started-at="2023-02-19T16:50:03 IST" name="start" finished-at="2023-02-19T16:50:03 IST" duration-ms="155" status="PASS">
          <reporter-output>
          </reporter-output>
        </test-method> <!-- start -->
        <test-method is-config="true" signature="launchApplication()[pri:0, instance:com.ab.testLayer.test@6302bbb1]" started-at="2023-02-19T16:50:03 IST" name="launchApplication" finished-at="2023-02-19T16:50:11 IST" duration-ms="7856" status="PASS">
          <reporter-output>
          </reporter-output>
        </test-method> <!-- launchApplication -->
        <test-method signature="Test1()[pri:0, instance:com.ab.testLayer.test@6302bbb1]" started-at="2023-02-19T16:50:11 IST" name="Test1" finished-at="2023-02-19T16:50:11 IST" duration-ms="13" status="PASS">
          <reporter-output>
          </reporter-output>
        </test-method> <!-- Test1 -->
        <test-method is-config="true" signature="tearDown()[pri:0, instance:com.ab.testLayer.test@6302bbb1]" started-at="2023-02-19T16:50:11 IST" name="tearDown" finished-at="2023-02-19T16:50:11 IST" duration-ms="1" status="PASS">
          <reporter-output>
          </reporter-output>
        </test-method> <!-- tearDown -->
        <test-method is-config="true" signature="end()[pri:0, instance:com.ab.testLayer.test@6302bbb1]" started-at="2023-02-19T16:50:11 IST" name="end" finished-at="2023-02-19T16:50:11 IST" duration-ms="1" status="PASS">
          <reporter-output>
          </reporter-output>
        </test-method> <!-- end -->
      </class> <!-- com.ab.testLayer.test -->
    </test> <!-- Default test -->
  </suite> <!-- Default suite -->
</testng-results>
